[2016-03-25 21:51:21] START
[2016-03-26 13:59:28] EDIT cooking_project/controllers/default.py: 0
[2016-03-26 14:20:44] EDIT cooking_project/controllers/default.py: 1
[2016-03-26 14:21:07] EDIT cooking_project/controllers/default.py: 0
[2016-03-26 14:25:42] EDIT cooking_project/controllers/default.py: 0
[2016-03-26 14:26:57] EDIT cooking_project/controllers/default.py: 0
[2016-03-26 14:30:13] EDIT cooking_project/views/default/index.html: 1
[2016-03-26 14:30:31] EDIT cooking_project/views/default/index.html: 0
[2016-03-26 14:31:12] EDIT cooking_project/views/default/index.html: -1
[2016-03-26 14:33:40] EDIT cooking_project/views/default/index.html: 0
[2016-03-26 14:33:43] EDIT cooking_project/views/default/index.html: 0
[2016-03-26 14:34:01] EDIT cooking_project/views/default/index.html: 0
[2016-03-26 14:34:01] EDIT cooking_project/views/default/index.html: 0
[2016-03-26 14:34:31] EDIT cooking_project/views/default/index.html: 0
[2016-03-26 14:55:31] EDIT cooking_project/static/css/web2py.css: 0
[2016-03-26 14:55:43] EDIT cooking_project/static/css/web2py.css: 0
[2016-03-26 14:57:46] EDIT cooking_project/static/css/web2py-bootstrap3.css: 0
[2016-03-26 14:58:20] EDIT cooking_project/static/css/web2py-bootstrap3.css: 0
[2016-03-26 14:58:52] EDIT cooking_project/static/css/web2py-bootstrap3.css: 0
[2016-03-26 14:59:05] EDIT cooking_project/static/css/web2py-bootstrap3.css: 0
[2016-03-26 15:01:32] EDIT cooking_project/static/css/web2py-bootstrap3.css: 0
[2016-03-26 15:06:45] EDIT cooking_project/static/css/web2py-bootstrap3.css: 0
[2016-03-26 15:22:57] EDIT cooking_project/static/css/web2py-bootstrap3.css: 0
[2016-03-26 15:27:48] EDIT cooking_project/static/css/web2py-bootstrap3.css: 1
[2016-03-26 15:30:07] EDIT cooking_project/views/default/index.html: -5
[2016-03-26 15:30:49] EDIT cooking_project/views/default/index.html: 0
[2016-03-26 15:31:34] EDIT cooking_project/views/default/index.html: -4
[2016-03-26 15:35:00] EDIT cooking_project/views/default/index.html: -15
[2016-03-26 15:35:03] EDIT cooking_project/views/default/index.html: 0
[2016-03-26 15:46:35] EDIT cooking_project/views/default/index.html: 3
[2016-03-26 15:47:07] EDIT cooking_project/views/default/index.html: 0
[2016-03-26 15:47:29] EDIT cooking_project/views/default/index.html: -2
[2016-03-26 15:53:59] EDIT cooking_project/static/css/web2py-bootstrap3.css: 3
[2016-03-26 15:56:44] EDIT cooking_project/static/css/web2py-bootstrap3.css: 0
[2016-03-26 15:57:01] EDIT cooking_project/static/css/web2py-bootstrap3.css: 0
[2016-03-26 15:57:39] EDIT cooking_project/static/css/web2py-bootstrap3.css: 0
[2016-03-26 15:58:37] EDIT cooking_project/static/css/web2py-bootstrap3.css: 0
[2016-03-26 16:01:18] EDIT cooking_project/controllers/default.py: 0
[2016-03-26 16:04:27] EDIT cooking_project/static/css/web2py-bootstrap3.css: 1
[2016-03-26 16:19:32] EDIT cooking_project/static/css/web2py-bootstrap3.css: -1
[2016-03-26 16:31:05] EDIT cooking_project/controllers/default.py: 0
[2016-03-26 16:31:33] EDIT cooking_project/views/default/index.html: -2
[2016-03-26 16:33:13] EDIT cooking_project/views/default/index.html: 2
[2016-03-26 16:35:49] EDIT cooking_project/views/default/index.html: 0
[2016-03-26 16:36:02] EDIT cooking_project/views/default/index.html: 0
[2016-03-26 16:37:38] EDIT cooking_project/views/default/index.html: -8
[2016-03-26 16:38:08] EDIT cooking_project/views/default/index.html: -1
[2016-03-26 16:45:57] EDIT cooking_project/static/css/bootstrap.min.css: 0
[2016-03-26 16:50:04] EDIT cooking_project/static/css/web2py-bootstrap3.css: 0
[2016-03-26 16:50:14] EDIT cooking_project/static/css/web2py-bootstrap3.css: 0
[2016-03-26 16:50:54] EDIT cooking_project/static/css/web2py-bootstrap3.css: 0
[2016-03-26 16:51:20] EDIT cooking_project/static/css/web2py-bootstrap3.css.1: 0
[2016-03-26 17:01:21] EDIT cooking_project/views/default/index.html: 0
[2016-03-26 17:03:30] EDIT cooking_project/static/css/bootstrap.min.css: 0
[2016-03-26 17:04:03] EDIT cooking_project/static/css/bootstrap.min.css: 0
[2016-03-26 17:04:14] EDIT cooking_project/static/css/bootstrap.min.css: 0
[2016-03-26 17:04:51] EDIT cooking_project/static/css/bootstrap.min.css: 0
[2016-03-26 17:05:25] EDIT cooking_project/static/css/bootstrap.min.css: 0
[2016-03-26 17:05:35] EDIT cooking_project/static/css/bootstrap.min.css: 0
[2016-03-26 17:05:44] EDIT cooking_project/static/css/bootstrap.min.css: 0
[2016-03-26 17:06:56] EDIT cooking_project/static/css/bootstrap.min.css: 0
[2016-03-26 17:07:09] EDIT cooking_project/static/css/bootstrap.min.css: 0
[2016-03-26 17:07:25] EDIT cooking_project/static/css/bootstrap.min.css: 0
[2016-03-26 17:11:51] EDIT cooking_project/static/css/bootstrap.min.css: 0
[2016-03-26 17:12:09] EDIT cooking_project/static/css/bootstrap.min.css: 0
[2016-03-26 17:15:07] EDIT cooking_project/static/css/bootstrap.min.css: 0
[2016-03-26 17:17:01] EDIT cooking_project/static/css/bootstrap.min.css: 0
[2016-03-26 17:19:31] EDIT cooking_project/static/css/web2py-bootstrap3.css.1: 0
[2016-03-26 17:20:14] EDIT cooking_project/static/css/web2py-bootstrap3.css.1: 0
[2016-03-26 17:20:16] EDIT cooking_project/static/css/web2py-bootstrap3.css.1: 0
[2016-03-26 17:23:02] EDIT cooking_project/static/css/web2py-bootstrap3.css: 0
[2016-03-26 17:23:52] EDIT cooking_project/static/css/web2py-bootstrap3.css: 0
[2016-03-26 17:23:53] EDIT cooking_project/static/css/web2py-bootstrap3.css: 0
[2016-03-26 17:23:53] EDIT cooking_project/static/css/web2py-bootstrap3.css: 0
[2016-03-26 17:23:53] EDIT cooking_project/static/css/web2py-bootstrap3.css: 0
[2016-03-26 17:23:53] EDIT cooking_project/static/css/web2py-bootstrap3.css: 0
[2016-03-26 17:23:53] EDIT cooking_project/static/css/web2py-bootstrap3.css: 0
[2016-03-26 17:44:20] EDIT cooking_project/static/css/bootstrap.min.css: 0
[2016-03-26 17:44:39] EDIT cooking_project/static/css/bootstrap.min.css: 0
[2016-03-26 17:45:00] EDIT cooking_project/static/css/bootstrap.min.css: 0
[2016-03-26 17:47:42] EDIT cooking_project/static/css/web2py-bootstrap3.css: 0
[2016-03-26 17:48:44] EDIT cooking_project/static/css/web2py-bootstrap3.css: 0
[2016-03-26 17:50:00] EDIT cooking_project/static/css/web2py-bootstrap3.css: 0
[2016-03-26 17:52:18] EDIT cooking_project/static/css/bootstrap.min.css: 0
[2016-03-26 17:52:36] EDIT cooking_project/static/css/bootstrap.min.css: 0
[2016-03-26 17:53:56] EDIT cooking_project/static/css/web2py-bootstrap3.css: 0
[2016-03-27 18:57:46] EDIT cooking_project/models/menu.py: 8
[2016-03-27 19:33:54] EDIT cooking_project/models/menu.py: -5
[2016-03-27 19:45:37] EDIT cooking_project/models/menu.py: 0
[2016-03-28 00:07:44] EDIT cooking_project/models/menu.py: -92
[2016-03-28 00:08:11] EDIT cooking_project/models/menu.py: 0
[2016-03-28 00:09:03] EDIT cooking_project/models/menu.py: 0
[2016-03-28 00:18:52] EDIT cooking_project/models/menu.py: 0
[2016-03-28 00:27:03] EDIT cooking_project/models/menu.py: 0
[2016-03-28 00:27:23] EDIT cooking_project/models/menu.py: 0
[2016-03-28 00:27:23] EDIT cooking_project/models/menu.py: 0
[2016-03-28 00:27:28] EDIT cooking_project/models/menu.py: 0
[2016-03-28 00:28:28] EDIT cooking_project/controllers/default.py: 6
[2016-03-28 00:29:37] EDIT cooking_project/controllers/default.py: 0
[2016-03-28 00:29:52] EDIT cooking_project/controllers/default.py: 0
[2016-03-28 00:30:45] EDIT cooking_project/controllers/default.py: 0
[2016-03-28 00:30:45] EDIT cooking_project/controllers/default.py: 0
[2016-03-28 00:31:00] CREATE default/recipemen.html: 0
[2016-03-28 00:31:15] CREATE default/mycookbook.html: 0
[2016-03-28 00:31:25] CREATE default/uploadrecipe.html: 0
[2016-03-28 00:31:38] EDIT cooking_project/controllers/default.py: 0
[2016-03-28 00:31:44] EDIT cooking_project/controllers/default.py: 0
[2016-03-28 00:35:01] EDIT cooking_project/views/default/mycookbook.html: 0
[2016-03-28 00:35:37] EDIT cooking_project/views/default/uploadrecipe.html: 0
[2016-03-28 00:37:45] EDIT cooking_project/controllers/default.py: 3
[2016-03-28 00:38:35] EDIT cooking_project/controllers/default.py: 0
[2016-03-28 00:46:52] EDIT cooking_project/models/db.py: 8
[2016-03-28 00:47:04] EDIT cooking_project/models/db.py: 0
[2016-03-28 01:06:32] EDIT cooking_project/models/db.py: 8
[2016-03-28 01:06:34] EDIT cooking_project/models/db.py: 0
[2016-03-28 01:09:30] EDIT cooking_project/models/db.py: -1
[2016-03-28 01:13:43] EDIT cooking_project/models/db.py: 0
[2016-03-28 01:14:55] EDIT cooking_project/models/db.py: 0
[2016-03-28 01:14:59] EDIT cooking_project/models/db.py: 0
[2016-03-28 01:17:15] EDIT cooking_project/controllers/default.py: 1
[2016-03-28 01:17:15] EDIT cooking_project/controllers/default.py: 0
[2016-03-28 01:17:32] EDIT cooking_project/controllers/default.py: 0
[2016-03-28 18:29:42] EDIT cooking_project/controllers/default.py: 1
[2016-03-28 18:29:52] EDIT cooking_project/controllers/default.py: 0
[2016-03-28 18:47:41] EDIT cooking_project/models/db.py: 3
[2016-03-28 18:47:43] EDIT cooking_project/controllers/default.py: 2
[2016-03-28 18:47:51] EDIT cooking_project/controllers/default.py: 0
[2016-03-28 19:23:20] EDIT cooking_project/models/menu.py: -1
[2016-03-28 19:39:15] EDIT cooking_project/controllers/default.py: 0
[2016-03-28 19:41:43] EDIT cooking_project/controllers/default.py: 0
[2016-03-28 20:01:01] EDIT cooking_project/views/default/mycookbook.html: -1
[2016-03-28 20:01:38] EDIT cooking_project/controllers/default.py: 0
[2016-03-28 20:01:48] EDIT cooking_project/views/default/mycookbook.html: 1
[2016-03-28 20:02:27] EDIT cooking_project/controllers/default.py: 0
[2016-03-28 20:07:43] EDIT cooking_project/controllers/default.py: 0
[2016-03-28 20:08:26] EDIT cooking_project/controllers/default.py: 0
[2016-03-28 20:14:16] EDIT cooking_project/controllers/default.py: 0
[2016-03-29 01:25:53] EDIT cooking_project/controllers/default.py: 1
[2016-03-29 01:26:03] EDIT cooking_project/controllers/default.py: 0
[2016-03-29 01:29:57] EDIT cooking_project/models/db.py: -32
[2016-03-29 01:31:34] EDIT cooking_project/models/db.py: -4
[2016-03-29 01:32:38] EDIT cooking_project/controllers/default.py: -2
[2016-03-29 01:33:49] EDIT cooking_project/controllers/default.py: -33
[2016-03-29 01:36:21] EDIT cooking_project/controllers/default.py: 0
[2016-03-29 01:36:40] EDIT cooking_project/controllers/default.py: 0
[2016-03-29 01:38:59] EDIT cooking_project/models/db.py: 16
[2016-03-29 01:40:03] EDIT cooking_project/models/db.py: 0
[2016-03-29 01:40:28] EDIT cooking_project/controllers/default.py: 0
[2016-03-29 01:42:46] EDIT cooking_project/static/css/web2py-bootstrap3.css: 0
[2016-03-29 01:43:38] EDIT cooking_project/static/css/web2py-bootstrap3.css: 0
[2016-03-29 01:43:38] EDIT cooking_project/static/css/web2py-bootstrap3.css: 0
[2016-03-29 01:43:42] EDIT cooking_project/static/css/web2py-bootstrap3.css: -1
[2016-03-29 01:43:43] EDIT cooking_project/static/css/web2py-bootstrap3.css: 0
[2016-03-29 01:44:28] EDIT cooking_project/models/db.py: 0
[2016-03-29 01:45:32] EDIT cooking_project/static/css/web2py-bootstrap3.css.1: -1
[2016-03-29 01:46:44] EDIT cooking_project/views/default/uploadrecipe.html: -1
[2016-03-29 01:47:20] EDIT cooking_project/views/default/uploadrecipe.html: 1
[2016-03-29 01:49:24] EDIT cooking_project/static/css/bootstrap.min.css: 0
[2016-03-29 01:51:41] EDIT cooking_project/static/css/bootstrap.min.css: 0
[2016-03-29 02:00:07] EDIT cooking_project/models/db.py: 1
[2016-03-29 02:00:45] EDIT cooking_project/models/db.py: 0
[2016-03-29 02:01:55] EDIT cooking_project/models/db.py: 0
[2016-03-29 02:01:59] EDIT cooking_project/models/db.py: 0
[2016-03-29 02:25:53] EDIT cooking_project/models/db.py: 21
[2016-03-29 02:28:06] EDIT cooking_project/models/menu.py: 0
[2016-03-29 02:29:00] EDIT cooking_project/models/menu.py: 0
[2016-03-29 02:30:03] EDIT cooking_project/models/menu.py: 0
[2016-03-29 02:36:44] EDIT cooking_project/controllers/default.py: 11
[2016-03-29 02:36:56] EDIT cooking_project/controllers/default.py: 0
[2016-03-29 02:37:10] EDIT cooking_project/controllers/default.py: 0
[2016-03-29 02:37:13] EDIT cooking_project/controllers/default.py: 0
[2016-03-29 02:47:05] EDIT cooking_project/static/css/web2py-bootstrap3.css: 0
[2016-03-29 02:50:30] EDIT cooking_project/views/default/index.html: -7
[2016-03-29 02:52:26] EDIT cooking_project/views/default/index.html: 25
[2016-03-29 02:53:15] EDIT cooking_project/views/default/index.html: -4
[2016-03-29 02:53:49] EDIT cooking_project/views/default/index.html: -7
[2016-03-29 02:54:44] EDIT cooking_project/views/default/index.html: 0
[2016-03-29 02:54:51] EDIT cooking_project/views/default/index.html: 7
[2016-03-29 02:57:59] EDIT cooking_project/controllers/default.py: 0
[2016-03-29 02:58:08] EDIT cooking_project/controllers/default.py: 0
[2016-03-29 02:58:55] EDIT cooking_project/controllers/default.py: 0
[2016-03-29 03:00:17] EDIT cooking_project/controllers/default.py: 0
[2016-03-29 03:02:02] EDIT cooking_project/controllers/default.py: 0
[2016-03-29 03:03:09] EDIT cooking_project/views/default/index.html: -7
[2016-03-29 03:19:00] EDIT cooking_project/views/default/index.html: -1
[2016-03-29 03:20:20] EDIT cooking_project/views/default/index.html: 1
[2016-03-29 03:21:46] EDIT cooking_project/views/default/index.html: -1
[2016-03-29 03:21:55] EDIT cooking_project/views/default/index.html: 1
[2016-03-29 03:22:57] EDIT cooking_project/views/default/index.html: 0
[2016-03-29 03:24:07] EDIT cooking_project/controllers/default.py: 0
[2016-03-29 03:24:30] EDIT cooking_project/views/default/index.html: 0
[2016-03-29 03:32:42] EDIT cooking_project/controllers/default.py: 12
[2016-03-29 03:33:08] EDIT cooking_project/controllers/default.py: -7
[2016-03-29 03:33:18] EDIT cooking_project/controllers/default.py: 0
[2016-03-29 03:34:34] EDIT cooking_project/models/db.py: 7
[2016-03-29 03:35:36] CREATE default/show.html: 0
[2016-03-29 03:36:53] EDIT cooking_project/views/default/show.html: 13
[2016-03-29 03:38:13] EDIT cooking_project/models/db.py: 0
[2016-03-29 03:38:50] EDIT cooking_project/models/db.py: 0
[2016-03-29 03:40:31] EDIT cooking_project/controllers/default.py: 0
[2016-03-29 03:40:38] EDIT cooking_project/controllers/default.py: 0
[2016-03-29 03:41:22] EDIT cooking_project/views/default/show.html: 0
[2016-03-29 03:41:29] EDIT cooking_project/views/default/show.html: 0
[2016-03-29 03:42:34] EDIT cooking_project/views/default/show.html: 0
[2016-03-29 03:42:39] EDIT cooking_project/views/default/show.html: 0
[2016-03-29 04:20:42] EDIT cooking_project/controllers/default.py: 15
[2016-03-29 04:21:02] EDIT cooking_project/models/menu.py: 0
[2016-03-29 04:21:31] CREATE default/moka.html: 0
[2016-03-29 04:22:10] EDIT cooking_project/views/default/moka.html: 17
[2016-03-29 04:23:07] EDIT cooking_project/controllers/default.py: 0
[2016-03-29 04:23:18] EDIT cooking_project/controllers/default.py: 0
[2016-03-29 04:23:19] EDIT cooking_project/controllers/default.py: 0
[2016-03-29 04:25:42] EDIT cooking_project/controllers/default.py: 0
[2016-03-29 04:28:12] EDIT cooking_project/controllers/default.py: 0
[2016-03-29 04:28:29] EDIT cooking_project/controllers/default.py: 0
[2016-03-29 04:31:10] EDIT cooking_project/static/css/web2py-bootstrap3.css: 1
[2016-03-29 04:33:17] EDIT cooking_project/static/css/web2py-bootstrap3.css: 0
[2016-03-29 04:34:15] EDIT cooking_project/static/css/web2py-bootstrap3.css: 0
[2016-03-29 12:19:53] EDIT cooking_project/static/css/web2py-bootstrap3.css: 0
[2016-03-29 12:58:01] EDIT cooking_project/controllers/default.py: 1
[2016-03-29 13:20:30] EDIT cooking_project/controllers/default.py: 0
[2016-03-29 13:24:29] EDIT cooking_project/controllers/default.py: 0
[2016-03-29 13:26:35] EDIT cooking_project/controllers/default.py: 0
[2016-03-29 13:28:55] EDIT cooking_project/controllers/default.py: 0
[2016-03-29 13:28:56] EDIT cooking_project/controllers/default.py: 0
[2016-03-29 13:28:56] EDIT cooking_project/controllers/default.py: 0
[2016-03-29 13:28:57] EDIT cooking_project/controllers/default.py: 0
[2016-03-29 13:31:14] EDIT cooking_project/controllers/default.py: 0
[2016-03-29 14:02:35] EDIT cooking_project/views/default/index.html: 14
[2016-03-29 14:03:11] EDIT cooking_project/static/css/web2py-bootstrap3.css: 0
[2016-03-29 15:31:37] EDIT cooking_project/controllers/default.py: 0
[2016-03-29 15:32:02] EDIT cooking_project/controllers/default.py: 0
[2016-03-29 15:32:29] EDIT cooking_project/controllers/default.py: 0
[2016-03-29 15:35:49] EDIT cooking_project/views/default/show.html: -3
[2016-03-29 15:37:36] EDIT cooking_project/controllers/default.py: 0
[2016-03-29 15:38:20] EDIT cooking_project/models/db.py: 2
[2016-03-29 15:48:15] EDIT cooking_project/views/default/show.html: 3
[2016-03-29 15:48:51] EDIT cooking_project/views/default/show.html: 0
[2016-03-29 15:49:35] EDIT cooking_project/views/default/show.html: 0
[2016-03-29 15:53:21] EDIT cooking_project/views/default/show.html: 3
[2016-03-29 15:54:02] EDIT cooking_project/views/default/show.html: 0
[2016-03-29 15:54:51] EDIT cooking_project/views/default/show.html: 0
[2016-03-29 15:57:40] EDIT cooking_project/views/default/show.html: 0
[2016-03-29 16:01:06] EDIT cooking_project/views/default/show.html: 0
[2016-03-29 16:01:45] EDIT cooking_project/views/default/show.html: 0
[2016-03-29 16:07:12] EDIT cooking_project/views/default/index.html: 0
[2016-03-29 16:07:47] EDIT cooking_project/views/default/index.html: 0
[2016-03-29 16:09:25] EDIT cooking_project/views/default/index.html: 5
[2016-03-29 16:10:48] EDIT cooking_project/views/default/index.html: 3
[2016-03-29 16:11:47] EDIT cooking_project/views/default/index.html: 0
[2016-03-29 16:12:47] EDIT cooking_project/views/default/index.html: 0
[2016-03-29 16:14:44] EDIT cooking_project/views/default/show.html: 0
[2016-03-29 16:15:02] EDIT cooking_project/views/default/show.html: 0
[2016-03-29 16:30:28] EDIT cooking_project/views/default/show.html: 0
[2016-03-29 16:31:39] EDIT cooking_project/views/default/show.html: 0
[2016-03-29 16:31:40] EDIT cooking_project/views/default/show.html: 0
[2016-03-29 16:31:40] EDIT cooking_project/views/default/show.html: 0
[2016-03-29 16:31:40] EDIT cooking_project/views/default/show.html: 0
[2016-03-29 16:33:12] EDIT cooking_project/views/default/show.html: 0
[2016-03-29 16:33:13] EDIT cooking_project/views/default/show.html: 0
[2016-03-29 16:34:31] EDIT cooking_project/static/css/web2py-bootstrap3.css: 1
[2016-03-29 16:35:01] EDIT cooking_project/static/css/web2py-bootstrap3.css: 0
[2016-03-29 16:35:32] EDIT cooking_project/static/css/web2py-bootstrap3.css: 0
[2016-03-29 16:35:32] EDIT cooking_project/static/css/web2py-bootstrap3.css: 0
[2016-03-29 16:35:32] EDIT cooking_project/static/css/web2py-bootstrap3.css: 0
[2016-03-29 16:35:32] EDIT cooking_project/static/css/web2py-bootstrap3.css: 0
[2016-03-29 16:35:32] EDIT cooking_project/static/css/web2py-bootstrap3.css: 0
[2016-03-29 16:36:26] EDIT cooking_project/models/menu.py: 0
[2016-03-29 16:37:45] EDIT cooking_project/views/default/moka.html: 0
[2016-03-29 16:38:27] EDIT cooking_project/views/default/moka.html: 7
[2016-03-29 16:38:28] EDIT cooking_project/views/default/moka.html: 0
[2016-03-29 16:38:48] EDIT cooking_project/views/default/moka.html: -7
[2016-03-29 16:39:14] EDIT cooking_project/views/default/moka.html: 8
[2016-03-29 16:39:15] EDIT cooking_project/views/default/moka.html: 0
[2016-03-29 16:42:54] EDIT cooking_project/views/default/show.html: 0
[2016-03-29 16:43:06] EDIT cooking_project/views/default/show.html: 0
[2016-03-29 16:46:17] EDIT cooking_project/views/default/index.html: 0
[2016-03-29 17:13:50] EDIT cooking_project1/models/menu.py: 0
[2016-03-29 17:37:16] EDIT cooking_project/views/default/index.html: 0
[2016-03-29 17:38:15] EDIT cooking_project/static/css/web2py-bootstrap3.css: 0
[2016-03-29 17:40:12] EDIT cooking_project/views/default/index.html: 8
[2016-03-29 17:41:19] EDIT cooking_project/views/default/index.html: 0
[2016-03-29 17:42:12] EDIT cooking_project/views/default/index.html: 0
[2016-03-29 18:05:34] EDIT cooking_project/views/default/mycookbook.html: 10
[2016-03-29 18:05:53] EDIT cooking_project/views/default/mycookbook.html: 0
[2016-03-29 18:19:07] EDIT cooking_project/controllers/default.py: 0
[2016-03-29 18:19:58] EDIT cooking_project/views/default/mycookbook.html: -10
[2016-03-29 18:20:05] EDIT cooking_project/views/default/show.html: 0
[2016-03-29 18:20:10] EDIT cooking_project/controllers/default.py: 0
[2016-03-29 18:20:23] EDIT cooking_project/views/default/index.html: -8
[2016-03-29 18:24:29] EDIT cooking_project/views/default/moka.html: 1
[2016-03-29 18:24:30] EDIT cooking_project/views/default/moka.html: 0
[2016-03-29 18:38:33] EDIT cooking_project/static/css/web2py-bootstrap3.css: 0
[2016-03-29 18:39:21] EDIT cooking_project/models/menu.py: 0
[2016-03-29 18:39:45] EDIT cooking_project/static/css/web2py-bootstrap3.css: 0
[2016-03-29 18:40:12] EDIT cooking_project/static/css/web2py-bootstrap3.css: 0
[2016-03-29 18:40:42] EDIT cooking_project/static/css/web2py-bootstrap3.css: 0
[2016-03-29 18:40:53] EDIT cooking_project/static/css/web2py-bootstrap3.css: 0
[2016-03-29 18:51:07] EDIT cooking_project/static/css/web2py-bootstrap3.css: 0
[2016-03-29 18:51:25] EDIT cooking_project/static/css/web2py-bootstrap3.css: 0
[2016-03-29 18:53:15] EDIT cooking_project/views/default/index.html: 0
[2016-03-29 18:54:18] EDIT cooking_project/views/default/index.html: 0
[2016-03-29 18:54:34] EDIT cooking_project/views/default/index.html: 0
[2016-03-29 18:55:36] EDIT cooking_project/views/default/index.html: 0
[2016-03-29 18:56:34] EDIT cooking_project/views/default/index.html: 0
[2016-03-29 18:57:41] EDIT cooking_project/views/default/index.html: 0
[2016-03-29 18:58:34] EDIT cooking_project/views/default/index.html: 0
[2016-03-29 18:58:50] EDIT cooking_project/views/default/index.html: 0
[2016-03-29 18:59:18] EDIT cooking_project/views/default/index.html: 0
[2016-03-29 18:59:59] EDIT cooking_project/views/default/index.html: 0
[2016-03-29 19:02:05] EDIT cooking_project/views/default/index.html: 0
[2016-03-29 19:02:57] EDIT cooking_project/views/default/show.html: -1
[2016-03-29 19:05:50] EDIT cooking_project/views/default/show.html: 0
[2016-03-29 19:06:15] EDIT cooking_project/views/default/show.html: 0
[2016-03-29 19:07:07] EDIT cooking_project/views/default/show.html: 0
[2016-03-29 19:07:46] EDIT cooking_project/views/default/show.html: 0
[2016-03-29 19:10:01] EDIT cooking_project/views/default/moka.html: 0
[2016-03-29 19:10:29] EDIT cooking_project/views/default/moka.html: 0
[2016-03-29 19:11:01] EDIT cooking_project/views/default/moka.html: 0
[2016-03-29 19:11:34] EDIT cooking_project/views/default/moka.html: 0
[2016-03-29 19:16:31] EDIT cooking_project/views/default/index.html: 0
[2016-03-29 19:16:51] EDIT cooking_project/views/default/index.html: 0
[2016-03-29 19:49:33] EDIT cooking_project/views/default/moka.html: 0
[2016-03-29 19:49:54] EDIT cooking_project/controllers/default.py: 0
[2016-03-29 23:00:50] EDIT cooking_project/controllers/default.py: 4
[2016-03-29 23:01:00] EDIT cooking_project/views/default/show.html: 3
[2016-03-29 23:01:39] EDIT cooking_project/views/default/show.html: 0
[2016-03-29 23:01:56] EDIT cooking_project/controllers/default.py: 0
[2016-03-29 23:04:21] EDIT cooking_project/views/default/show.html: 0
[2016-03-29 23:04:31] EDIT cooking_project/controllers/default.py: 0
[2016-03-29 23:05:23] EDIT cooking_project/views/default/show.html: -3
[2016-03-29 23:06:04] EDIT cooking_project/controllers/default.py: -4
[2016-03-29 23:30:22] EDIT cooking_project/views/default/show.html: 3
[2016-03-29 23:30:27] EDIT cooking_project/controllers/default.py: 4
[2016-03-29 23:30:53] EDIT cooking_project/views/default/show.html: 0
[2016-03-29 23:32:10] EDIT cooking_project/controllers/default.py: 0
[2016-03-29 23:33:22] EDIT cooking_project/controllers/default.py: 0
[2016-03-29 23:33:49] EDIT cooking_project/views/default/show.html: 0
[2016-03-29 23:38:42] EDIT cooking_project/views/default/show.html: 0
[2016-03-29 23:39:24] EDIT cooking_project/views/default/show.html: 0
[2016-03-29 23:40:13] EDIT cooking_project/views/default/show.html: 0
[2016-03-29 23:42:15] EDIT cooking_project/views/default/show.html: 0
[2016-03-30 01:29:31] EDIT cooking_project/controllers/default.py: 0
[2016-03-30 01:32:34] EDIT cooking_project/views/default/show.html: 0
[2016-03-30 01:33:34] EDIT cooking_project/views/default/show.html: 4
[2016-03-30 01:33:53] EDIT cooking_project/views/default/show.html: 0
[2016-03-30 01:34:21] EDIT cooking_project/views/default/show.html: 0
[2016-03-30 01:34:22] EDIT cooking_project/views/default/show.html: 0
[2016-03-30 01:34:24] EDIT cooking_project/views/default/show.html: 0
[2016-03-30 01:34:25] EDIT cooking_project/views/default/show.html: 0
[2016-03-30 01:34:54] EDIT cooking_project/views/default/moka.html: 1
[2016-03-30 01:34:58] EDIT cooking_project/views/default/moka.html: 0
[2016-03-30 01:35:05] EDIT cooking_project/views/default/moka.html: 0
[2016-03-30 01:47:30] EDIT cooking_project/controllers/default.py: 0
[2016-04-02 19:41:13] EDIT cooking_project/controllers/default.py: 0
[2016-04-02 19:42:54] EDIT cooking_project/controllers/default.py: -5
[2016-04-02 19:43:10] EDIT cooking_project/controllers/default.py: 5
[2016-04-06 04:40:08] EDIT cooking_project/controllers/default.py: 0
[2016-04-06 04:43:03] EDIT cooking_project/controllers/default.py: 4
[2016-04-06 04:43:39] CREATE default/manage.html.py: 0
[2016-04-06 04:45:28] EDIT cooking_project/models/default/manage.html.py: 3
[2016-04-06 04:46:23] EDIT cooking_project/models/default/manage.html.py: 0
[2016-04-06 04:46:24] EDIT cooking_project/models/default/manage.html.py: 0
[2016-04-06 04:46:25] EDIT cooking_project/models/default/manage.html.py: 0
[2016-04-06 04:46:25] EDIT cooking_project/models/default/manage.html.py: 0
[2016-04-06 04:46:25] EDIT cooking_project/models/default/manage.html.py: 0
[2016-04-06 04:46:26] EDIT cooking_project/models/default/manage.html.py: 0
[2016-04-06 04:46:26] EDIT cooking_project/models/default/manage.html.py: 0
[2016-04-06 04:46:26] EDIT cooking_project/models/default/manage.html.py: 0
[2016-04-06 04:46:26] EDIT cooking_project/models/default/manage.html.py: 0
[2016-04-06 04:47:30] CREATE default/manage.html: 0
[2016-04-06 04:47:59] EDIT cooking_project/views/default/manage.html: 0
[2016-04-06 04:48:04] EDIT cooking_project/views/default/manage.html: 0
[2016-04-06 04:53:52] EDIT cooking_project/models/menu.py: 1
[2016-04-06 04:57:20] EDIT cooking_project/models/menu.py: -8
[2016-04-06 04:57:29] EDIT cooking_project/models/menu.py: 0
[2016-04-06 04:58:56] EDIT cooking_project/models/menu.py: 0
[2016-04-06 04:59:15] EDIT cooking_project/models/menu.py: 0
[2016-04-06 05:01:13] EDIT cooking_project/models/db.py: 0
[2016-04-06 05:02:24] DELETE cooking_project/models/default/manage.html.py: -3
[2016-04-06 16:21:16] EDIT cooking_project/controllers/default.py: 0
[2016-04-17 14:39:24] EDIT cooking_project/static/css/web2py-bootstrap3.css: 0
[2016-04-17 15:19:59] EDIT cooking_project/views/default/moka.html: 0
[2016-04-17 15:20:13] EDIT cooking_project/views/default/moka.html: 0
